<?xml version="1.0" encoding="UTF-8"?>
<testsuite name="TestSuite" time="89.685" tests="3" errors="0" skipped="0" failures="0">
  <properties>
[...]
</properties>
  <testcase name="tC_001_Validate_Login_Page" classname="com.framework.testcases.TC_001_Validate_Login_Page" time="22.621"/>
  <testcase name="tC_002_Validate_Calendar_Page" classname="com.framework.testcases.TC_002_Validate_Calendar_Page" time="45.645"/>
  <testcase name="tC_003_Validate_Contacts_Page" classname="com.framework.testcases.TC_003_Validate_Contacts_Page" time="21.419"/>
</testsuite>