<?xml version="1.0" encoding="UTF-8"?>
<testng-results skipped="0" failed="0" ignored="0" total="3" passed="3">
  <reporter-output>
  </reporter-output>
  <suite name="RegressionTest" duration-ms="54221" started-at="2020-07-04T02:38:34Z" finished-at="2020-07-04T02:39:28Z">
    <groups>
    </groups>
    <test name="Validate Login Page" duration-ms="34418" started-at="2020-07-04T02:38:34Z" finished-at="2020-07-04T02:39:08Z">
      <class name="com.framework.testcases.TC_001_Validate_Login_Page">
        <test-method status="PASS" signature="beforeMethod(java.lang.reflect.Method)[pri:0, instance:com.framework.testcases.TC_001_Validate_Login_Page@4f32a3ad]" name="beforeMethod" is-config="true" duration-ms="1" started-at="2020-07-04T08:08:34Z" finished-at="2020-07-04T08:08:34Z">
          <params>
            <param index="0">
              <value>
                <![CDATA[public void com.framework.testcases.TC_001_Validate_Login_Page.tC_001_Validate_Login_Page(java.util.Hashtable) throws java.lang.Exception]]>
              </value>
            </param>
          </params>
          <reporter-output>
          </reporter-output>
        </test-method> <!-- beforeMethod -->
        <test-method status="PASS" signature="tC_001_Validate_Login_Page(java.util.Hashtable)[pri:1, instance:com.framework.testcases.TC_001_Validate_Login_Page@4f32a3ad]" name="tC_001_Validate_Login_Page" duration-ms="33101" started-at="2020-07-04T08:08:34Z" data-provider="getData" finished-at="2020-07-04T08:09:07Z">
          <params>
            <param index="0">
              <value>
                <![CDATA[{Status=, Password=Jakay07@, Runmode=Y, Expected_Result=Jakay M, Email=josephkuruvilla891@gmail.com}]]>
              </value>
            </param>
          </params>
          <reporter-output>
          </reporter-output>
        </test-method> <!-- tC_001_Validate_Login_Page -->
        <test-method status="PASS" signature="afterMethod(org.testng.ITestResult)[pri:0, instance:com.framework.testcases.TC_001_Validate_Login_Page@4f32a3ad]" name="afterMethod" is-config="true" duration-ms="1255" started-at="2020-07-04T08:09:07Z" finished-at="2020-07-04T08:09:08Z">
          <params>
            <param index="0">
              <value>
                <![CDATA[[TestResult name=tC_001_Validate_Login_Page status=SUCCESS method=TC_001_Validate_Login_Page.tC_001_Validate_Login_Page(java.util.Hashtable)[pri:1, instance:com.framework.testcases.TC_001_Validate_Login_Page@4f32a3ad] output={null}]]]>
              </value>
            </param>
          </params>
          <reporter-output>
          </reporter-output>
        </test-method> <!-- afterMethod -->
        <test-method status="PASS" signature="endReport()[pri:0, instance:com.framework.testcases.TC_001_Validate_Login_Page@4f32a3ad]" name="endReport" is-config="true" duration-ms="0" started-at="2020-07-04T08:09:08Z" finished-at="2020-07-04T08:09:08Z">
          <reporter-output>
          </reporter-output>
        </test-method> <!-- endReport -->
      </class> <!-- com.framework.testcases.TC_001_Validate_Login_Page -->
    </test> <!-- Validate Login Page -->
    <test name="Validate Calendar Page" duration-ms="53188" started-at="2020-07-04T02:38:34Z" finished-at="2020-07-04T02:39:27Z">
      <class name="com.framework.testcases.TC_002_Validate_Calendar_Page">
        <test-method status="PASS" signature="beforeMethod(java.lang.reflect.Method)[pri:0, instance:com.framework.testcases.TC_002_Validate_Calendar_Page@26abb146]" name="beforeMethod" is-config="true" duration-ms="16" started-at="2020-07-04T08:08:34Z" finished-at="2020-07-04T08:08:34Z">
          <params>
            <param index="0">
              <value>
                <![CDATA[public void com.framework.testcases.TC_002_Validate_Calendar_Page.tC_002_Validate_Calendar_Page() throws java.lang.Exception]]>
              </value>
            </param>
          </params>
          <reporter-output>
          </reporter-output>
        </test-method> <!-- beforeMethod -->
        <test-method status="PASS" signature="tC_002_Validate_Calendar_Page()[pri:2, instance:com.framework.testcases.TC_002_Validate_Calendar_Page@26abb146]" name="tC_002_Validate_Calendar_Page" duration-ms="52851" started-at="2020-07-04T08:08:34Z" finished-at="2020-07-04T08:09:27Z">
          <reporter-output>
          </reporter-output>
        </test-method> <!-- tC_002_Validate_Calendar_Page -->
        <test-method status="PASS" signature="afterMethod(org.testng.ITestResult)[pri:0, instance:com.framework.testcases.TC_002_Validate_Calendar_Page@26abb146]" name="afterMethod" is-config="true" duration-ms="276" started-at="2020-07-04T08:09:27Z" finished-at="2020-07-04T08:09:27Z">
          <params>
            <param index="0">
              <value>
                <![CDATA[[TestResult name=tC_002_Validate_Calendar_Page status=SUCCESS method=TC_002_Validate_Calendar_Page.tC_002_Validate_Calendar_Page()[pri:2, instance:com.framework.testcases.TC_002_Validate_Calendar_Page@26abb146] output={null}]]]>
              </value>
            </param>
          </params>
          <reporter-output>
          </reporter-output>
        </test-method> <!-- afterMethod -->
        <test-method status="PASS" signature="endReport()[pri:0, instance:com.framework.testcases.TC_002_Validate_Calendar_Page@26abb146]" name="endReport" is-config="true" duration-ms="1" started-at="2020-07-04T08:09:27Z" finished-at="2020-07-04T08:09:27Z">
          <reporter-output>
          </reporter-output>
        </test-method> <!-- endReport -->
      </class> <!-- com.framework.testcases.TC_002_Validate_Calendar_Page -->
    </test> <!-- Validate Calendar Page -->
    <test name="Validate Contacts Page" duration-ms="54210" started-at="2020-07-04T02:38:34Z" finished-at="2020-07-04T02:39:28Z">
      <class name="com.framework.testcases.TC_003_Validate_Contacts_Page">
        <test-method status="PASS" signature="beforeMethod(java.lang.reflect.Method)[pri:0, instance:com.framework.testcases.TC_003_Validate_Contacts_Page@3feb2dda]" name="beforeMethod" is-config="true" duration-ms="21" started-at="2020-07-04T08:08:34Z" finished-at="2020-07-04T08:08:34Z">
          <params>
            <param index="0">
              <value>
                <![CDATA[public void com.framework.testcases.TC_003_Validate_Contacts_Page.tC_003_Validate_Contacts_Page() throws java.lang.Exception]]>
              </value>
            </param>
          </params>
          <reporter-output>
          </reporter-output>
        </test-method> <!-- beforeMethod -->
        <test-method status="PASS" signature="tC_003_Validate_Contacts_Page()[pri:3, instance:com.framework.testcases.TC_003_Validate_Contacts_Page@3feb2dda]" name="tC_003_Validate_Contacts_Page" duration-ms="54054" started-at="2020-07-04T08:08:34Z" finished-at="2020-07-04T08:09:28Z">
          <reporter-output>
          </reporter-output>
        </test-method> <!-- tC_003_Validate_Contacts_Page -->
        <test-method status="PASS" signature="afterMethod(org.testng.ITestResult)[pri:0, instance:com.framework.testcases.TC_003_Validate_Contacts_Page@3feb2dda]" name="afterMethod" is-config="true" duration-ms="110" started-at="2020-07-04T08:09:28Z" finished-at="2020-07-04T08:09:28Z">
          <params>
            <param index="0">
              <value>
                <![CDATA[[TestResult name=tC_003_Validate_Contacts_Page status=SUCCESS method=TC_003_Validate_Contacts_Page.tC_003_Validate_Contacts_Page()[pri:3, instance:com.framework.testcases.TC_003_Validate_Contacts_Page@3feb2dda] output={null}]]]>
              </value>
            </param>
          </params>
          <reporter-output>
          </reporter-output>
        </test-method> <!-- afterMethod -->
        <test-method status="PASS" signature="endReport()[pri:0, instance:com.framework.testcases.TC_003_Validate_Contacts_Page@3feb2dda]" name="endReport" is-config="true" duration-ms="0" started-at="2020-07-04T08:09:28Z" finished-at="2020-07-04T08:09:28Z">
          <reporter-output>
          </reporter-output>
        </test-method> <!-- endReport -->
      </class> <!-- com.framework.testcases.TC_003_Validate_Contacts_Page -->
    </test> <!-- Validate Contacts Page -->
  </suite> <!-- RegressionTest -->
</testng-results>
